EDA Netlist Writer report for EV21
Sun Sep 19 18:02:35 2021
Quartus Prime Version 19.1.0 Build 670 09/22/2019 SJ Lite Edition


---------------------
; Table of Contents ;
---------------------
  1. Legal Notice
  2. EDA Netlist Writer Summary
  3. Simulation Settings
  4. Simulation Generated Files
  5. EDA Netlist Writer Messages



----------------
; Legal Notice ;
----------------
Copyright (C) 2019  Intel Corporation. All rights reserved.
Your use of Intel Corporation's design tools, logic functions 
and other software and tools, and any partner logic 
functions, and any output files from any of the foregoing 
(including device programming or simulation files), and any 
associated documentation or information are expressly subject 
to the terms and conditions of the Intel Program License 
Subscription Agreement, the Intel Quartus Prime License Agreement,
the Intel FPGA IP License Agreement, or other applicable license
agreement, including, without limitation, that your use is for
the sole purpose of programming logic devices manufactured by
Intel and sold by Intel or its authorized distributors.  Please
refer to the applicable agreement for further details, at
https://fpgasoftware.intel.com/eula.



+-------------------------------------------------------------------+
; EDA Netlist Writer Summary                                        ;
+---------------------------+---------------------------------------+
; EDA Netlist Writer Status ; Successful - Sun Sep 19 18:02:35 2021 ;
; Revision Name             ; EV21                                  ;
; Top-level Entity Name     ; CPU                                   ;
; Family                    ; Cyclone IV E                          ;
; Simulation Files Creation ; Successful                            ;
+---------------------------+---------------------------------------+


+-------------------------------------------------------------------------------------------------------------------------------+
; Simulation Settings                                                                                                           ;
+---------------------------------------------------------------------------------------------------+---------------------------+
; Option                                                                                            ; Setting                   ;
+---------------------------------------------------------------------------------------------------+---------------------------+
; Tool Name                                                                                         ; ModelSim-Altera (Verilog) ;
; Generate functional simulation netlist                                                            ; On                        ;
; Truncate long hierarchy paths                                                                     ; Off                       ;
; Map illegal HDL characters                                                                        ; Off                       ;
; Flatten buses into individual nodes                                                               ; Off                       ;
; Maintain hierarchy                                                                                ; Off                       ;
; Bring out device-wide set/reset signals as ports                                                  ; Off                       ;
; Enable glitch filtering                                                                           ; Off                       ;
; Do not write top level VHDL entity                                                                ; Off                       ;
; Disable detection of setup and hold time violations in the input registers of bi-directional pins ; Off                       ;
; Architecture name in VHDL output netlist                                                          ; structure                 ;
; Generate third-party EDA tool command script for RTL functional simulation                        ; Off                       ;
; Generate third-party EDA tool command script for gate-level simulation                            ; Off                       ;
+---------------------------------------------------------------------------------------------------+---------------------------+


+---------------------------------------------------------------------------------------+
; Simulation Generated Files                                                            ;
+---------------------------------------------------------------------------------------+
; Generated Files                                                                       ;
+---------------------------------------------------------------------------------------+
; C:/Users/Tobias Scala/Documents/Quartus Prime Lite/Electro 5/simulation/qsim//EV21.vo ;
+---------------------------------------------------------------------------------------+


+-----------------------------+
; EDA Netlist Writer Messages ;
+-----------------------------+
Info: *******************************************************************
Info: Running Quartus Prime EDA Netlist Writer
    Info: Version 19.1.0 Build 670 09/22/2019 SJ Lite Edition
    Info: Copyright (C) 2019  Intel Corporation. All rights reserved.
    Info: Your use of Intel Corporation's design tools, logic functions 
    Info: and other software and tools, and any partner logic 
    Info: functions, and any output files from any of the foregoing 
    Info: (including device programming or simulation files), and any 
    Info: associated documentation or information are expressly subject 
    Info: to the terms and conditions of the Intel Program License 
    Info: Subscription Agreement, the Intel Quartus Prime License Agreement,
    Info: the Intel FPGA IP License Agreement, or other applicable license
    Info: agreement, including, without limitation, that your use is for
    Info: the sole purpose of programming logic devices manufactured by
    Info: Intel and sold by Intel or its authorized distributors.  Please
    Info: refer to the applicable agreement for further details, at
    Info: https://fpgasoftware.intel.com/eula.
    Info: Processing started: Sun Sep 19 18:02:34 2021
Info: Command: quartus_eda --write_settings_files=off --simulation=on --functional=on --flatten_buses=off --tool=modelsim_oem --format=verilog --output_directory="C:/Users/Tobias Scala/Documents/Quartus Prime Lite/Electro 5/simulation/qsim/" EV21 -c EV21
Info (119006): Selected device EP4CE22F17C6 for design "EV21"
Warning (15536): Implemented PLL "PLL:inst9|altpll:altpll_component|PLL_altpll1:auto_generated|pll1" as Cyclone IV E PLL type, but with warnings File: C:/Users/Tobias Scala/Documents/Quartus Prime Lite/Electro 5/db/pll_altpll1.v Line: 44
    Warning (15559): Can't achieve requested value 13% for clock output PLL:inst9|altpll:altpll_component|PLL_altpll1:auto_generated|wire_pll1_clk[0] of parameter duty cycle -- achieved value of 15% File: C:/Users/Tobias Scala/Documents/Quartus Prime Lite/Electro 5/db/pll_altpll1.v Line: 44
    Warning (15559): Can't achieve requested value 13% for clock output PLL:inst9|altpll:altpll_component|PLL_altpll1:auto_generated|wire_pll1_clk[1] of parameter duty cycle -- achieved value of 15% File: C:/Users/Tobias Scala/Documents/Quartus Prime Lite/Electro 5/db/pll_altpll1.v Line: 44
    Warning (15559): Can't achieve requested value 13% for clock output PLL:inst9|altpll:altpll_component|PLL_altpll1:auto_generated|wire_pll1_clk[2] of parameter duty cycle -- achieved value of 15% File: C:/Users/Tobias Scala/Documents/Quartus Prime Lite/Electro 5/db/pll_altpll1.v Line: 44
    Warning (15559): Can't achieve requested value 13% for clock output PLL:inst9|altpll:altpll_component|PLL_altpll1:auto_generated|wire_pll1_clk[3] of parameter duty cycle -- achieved value of 15% File: C:/Users/Tobias Scala/Documents/Quartus Prime Lite/Electro 5/db/pll_altpll1.v Line: 44
    Info (15099): Implementing clock multiplication of 1, clock division of 50, and phase shift of 0 degrees (0 ps) for PLL:inst9|altpll:altpll_component|PLL_altpll1:auto_generated|wire_pll1_clk[0] port File: C:/Users/Tobias Scala/Documents/Quartus Prime Lite/Electro 5/db/pll_altpll1.v Line: 44
    Info (15099): Implementing clock multiplication of 1, clock division of 50, and phase shift of 90 degrees (250000 ps) for PLL:inst9|altpll:altpll_component|PLL_altpll1:auto_generated|wire_pll1_clk[1] port File: C:/Users/Tobias Scala/Documents/Quartus Prime Lite/Electro 5/db/pll_altpll1.v Line: 44
    Info (15099): Implementing clock multiplication of 1, clock division of 50, and phase shift of 270 degrees (750000 ps) for PLL:inst9|altpll:altpll_component|PLL_altpll1:auto_generated|wire_pll1_clk[2] port File: C:/Users/Tobias Scala/Documents/Quartus Prime Lite/Electro 5/db/pll_altpll1.v Line: 44
    Info (15099): Implementing clock multiplication of 1, clock division of 50, and phase shift of 180 degrees (500000 ps) for PLL:inst9|altpll:altpll_component|PLL_altpll1:auto_generated|wire_pll1_clk[3] port File: C:/Users/Tobias Scala/Documents/Quartus Prime Lite/Electro 5/db/pll_altpll1.v Line: 44
Warning (18236): Number of processors has not been specified which may cause overloading on shared machines.  Set the global assignment NUM_PARALLEL_PROCESSORS in your QSF to an appropriate value for best performance.
Info (204019): Generated file EV21.vo in folder "C:/Users/Tobias Scala/Documents/Quartus Prime Lite/Electro 5/simulation/qsim//" for EDA simulation tool
Info: Quartus Prime EDA Netlist Writer was successful. 0 errors, 6 warnings
    Info: Peak virtual memory: 4648 megabytes
    Info: Processing ended: Sun Sep 19 18:02:35 2021
    Info: Elapsed time: 00:00:01
    Info: Total CPU time (on all processors): 00:00:01


